2025-12-08T08:08:17.608+0100 INFO               [main]                         be.pxl.services.controller.PostControllerTest - Starting PostControllerTest using Java 17.0.9 with PID 31100 (started by maria in C:\Users\maria\PXL\22 - Java Full Stack\prova\project-malvesdiniz\backend-java\SpringCloudPXL\post-service)
2025-12-08T08:08:17.613+0100 DEBUG              [main]                         be.pxl.services.controller.PostControllerTest - Running with Spring Boot v3.2.2, Spring v6.1.3
2025-12-08T08:08:17.615+0100 INFO               [main]                         be.pxl.services.controller.PostControllerTest - No active profile set, falling back to 1 default profile: "default"
2025-12-08T08:08:27.663+0100 INFO               [main]                         be.pxl.services.controller.PostControllerTest - Started PostControllerTest in 10.815 seconds (process running for 31.252)
2025-12-08T08:11:02.048+0100 INFO               [main]                         be.pxl.services.controller.PostControllerTest - Starting PostControllerTest using Java 17.0.9 with PID 28644 (started by maria in C:\Users\maria\PXL\22 - Java Full Stack\prova\project-malvesdiniz\backend-java\SpringCloudPXL\post-service)
2025-12-08T08:11:02.050+0100 DEBUG              [main]                         be.pxl.services.controller.PostControllerTest - Running with Spring Boot v3.2.2, Spring v6.1.3
2025-12-08T08:11:02.051+0100 INFO               [main]                         be.pxl.services.controller.PostControllerTest - No active profile set, falling back to 1 default profile: "default"
2025-12-08T08:11:07.227+0100 INFO               [main]                         be.pxl.services.controller.PostControllerTest - Started PostControllerTest in 5.944 seconds (process running for 23.803)
2025-12-08T08:11:07.964+0100 INFO               [main]                         be.pxl.services.service.PostService - EVENT RECEIVED: Post b464afb7-f306-4215-be5d-e36d7b91e2bd status updated to APPROVED at 2025-12-08T08:11:07.964134300
2025-12-08T08:12:33.318+0100 INFO               [main]                         be.pxl.services.controller.PostControllerTest - Starting PostControllerTest using Java 17.0.9 with PID 15596 (started by maria in C:\Users\maria\PXL\22 - Java Full Stack\prova\project-malvesdiniz\backend-java\SpringCloudPXL\post-service)
2025-12-08T08:12:33.320+0100 DEBUG              [main]                         be.pxl.services.controller.PostControllerTest - Running with Spring Boot v3.2.2, Spring v6.1.3
2025-12-08T08:12:33.320+0100 INFO               [main]                         be.pxl.services.controller.PostControllerTest - No active profile set, falling back to 1 default profile: "default"
2025-12-08T08:12:38.205+0100 INFO               [main]                         be.pxl.services.controller.PostControllerTest - Started PostControllerTest in 5.542 seconds (process running for 23.12)
2025-12-08T08:12:39.148+0100 INFO               [main]                         be.pxl.services.service.PostService - EVENT RECEIVED: Post 6792d2bb-a483-42e0-9eb4-b291765ea18f status updated to APPROVED at 2025-12-08T08:12:39.148663800
2025-12-08T08:12:39.243+0100 INFO               [main]                         be.pxl.services.service.PostService - EVENT RECEIVED: Post d02460c5-bd4a-42f2-9049-b0c7264b5c79 status updated to REJECTED at 2025-12-08T08:12:39.243864300 with comment 'Not good'
2025-12-08T08:18:19.368+0100 INFO               [main]                         be.pxl.services.controller.PostControllerTest - Starting PostControllerTest using Java 17.0.9 with PID 33852 (started by maria in C:\Users\maria\PXL\22 - Java Full Stack\prova\project-malvesdiniz\backend-java\SpringCloudPXL\post-service)
2025-12-08T08:18:19.369+0100 DEBUG              [main]                         be.pxl.services.controller.PostControllerTest - Running with Spring Boot v3.2.2, Spring v6.1.3
2025-12-08T08:18:19.370+0100 INFO               [main]                         be.pxl.services.controller.PostControllerTest - No active profile set, falling back to 1 default profile: "default"
2025-12-08T08:18:28.874+0100 INFO               [main]                         be.pxl.services.controller.PostControllerTest - Started PostControllerTest in 10.292 seconds (process running for 26.503)
2025-12-08T08:18:30.425+0100 INFO               [main]                         be.pxl.services.service.PostService - EVENT RECEIVED: Post 2d1825ed-9f2d-4db3-8de6-aafaefe9a5d0 status updated to APPROVED at 2025-12-08T08:18:30.425919700
2025-12-08T08:18:30.539+0100 INFO               [main]                         be.pxl.services.service.PostService - EVENT RECEIVED: Post 0d493759-2c85-4510-8b10-e88797cb76b0 status updated to REJECTED at 2025-12-08T08:18:30.539953100 with comment 'Not good'
