2025-12-05T16:31:11.717+0100 INFO               [main]                         be.pxl.services.controller.PostControllerTest - Starting PostControllerTest using Java 17.0.9 with PID 13432 (started by maria in C:\Users\maria\PXL\22 - Java Full Stack\prova\project-malvesdiniz\backend-java\SpringCloudPXL\post-service)
2025-12-05T16:31:11.723+0100 DEBUG              [main]                         be.pxl.services.controller.PostControllerTest - Running with Spring Boot v3.2.2, Spring v6.1.3
2025-12-05T16:31:11.724+0100 INFO               [main]                         be.pxl.services.controller.PostControllerTest - No active profile set, falling back to 1 default profile: "default"
2025-12-05T16:31:19.289+0100 INFO               [org.springframework.amqp.rabbit.RabbitListenerEndpointContainer#1-1] be.pxl.services.service.PostService - EVENT RECEIVED FROM RABBIT: 066a056e-7029-41c9-9443-944023430d90|Not good enough
2025-12-05T16:31:19.289+0100 INFO               [org.springframework.amqp.rabbit.RabbitListenerEndpointContainer#0-1] be.pxl.services.service.PostService - EVENT RECEIVED FROM RABBIT: Post 765d96fb-d80c-4530-a0bb-c812d1f68bb6 approved
2025-12-05T16:31:19.292+0100 INFO               [org.springframework.amqp.rabbit.RabbitListenerEndpointContainer#0-1] be.pxl.services.service.PostService - EVENT RECEIVED FROM RABBIT: Post d3eb774a-6d91-48be-afd7-f0d65ee86ab3 approved
2025-12-05T16:31:19.292+0100 INFO               [org.springframework.amqp.rabbit.RabbitListenerEndpointContainer#1-1] be.pxl.services.service.PostService - EVENT RECEIVED FROM RABBIT: 4309ff8e-04f0-4a09-a433-84eb361893ef|Not good enough
2025-12-05T16:31:19.293+0100 INFO               [org.springframework.amqp.rabbit.RabbitListenerEndpointContainer#0-1] be.pxl.services.service.PostService - EVENT RECEIVED FROM RABBIT: Post 482e5f30-dd12-4253-b1a7-4abbec6266a4 approved
2025-12-05T16:31:19.293+0100 INFO               [org.springframework.amqp.rabbit.RabbitListenerEndpointContainer#1-1] be.pxl.services.service.PostService - EVENT RECEIVED FROM RABBIT: 7dae2d46-1e39-46cd-9f70-0f43cc03c9df|bad
2025-12-05T16:31:19.307+0100 INFO               [main]                         be.pxl.services.controller.PostControllerTest - Started PostControllerTest in 9.436 seconds (process running for 26.892)
2025-12-05T16:33:59.770+0100 INFO               [main]                         be.pxl.services.controller.PostControllerTest - Starting PostControllerTest using Java 17.0.9 with PID 29200 (started by maria in C:\Users\maria\PXL\22 - Java Full Stack\prova\project-malvesdiniz\backend-java\SpringCloudPXL\post-service)
2025-12-05T16:33:59.771+0100 DEBUG              [main]                         be.pxl.services.controller.PostControllerTest - Running with Spring Boot v3.2.2, Spring v6.1.3
2025-12-05T16:33:59.772+0100 INFO               [main]                         be.pxl.services.controller.PostControllerTest - No active profile set, falling back to 1 default profile: "default"
2025-12-05T16:34:06.254+0100 INFO               [main]                         be.pxl.services.controller.PostControllerTest - Started PostControllerTest in 8.182 seconds (process running for 24.843)
2025-12-05T16:34:07.390+0100 INFO               [main]                         be.pxl.services.service.PostService - EVENT RECEIVED: Post 2cae09ee-07f6-4b46-9f17-48e111772340 status updated to APPROVED at 2025-12-05T16:34:07.390039400
2025-12-05T16:34:07.515+0100 INFO               [main]                         be.pxl.services.service.PostService - EVENT RECEIVED: Post 188a7504-bbd7-4f71-b6ca-6238f5dfec1d status updated to REJECTED at 2025-12-05T16:34:07.515710900 with comment 'Not good'
2025-12-05T16:35:53.670+0100 INFO               [main]                         be.pxl.services.controller.PostControllerTest - Starting PostControllerTest using Java 17.0.9 with PID 13240 (started by maria in C:\Users\maria\PXL\22 - Java Full Stack\prova\project-malvesdiniz\backend-java\SpringCloudPXL\post-service)
2025-12-05T16:35:53.672+0100 DEBUG              [main]                         be.pxl.services.controller.PostControllerTest - Running with Spring Boot v3.2.2, Spring v6.1.3
2025-12-05T16:35:53.675+0100 INFO               [main]                         be.pxl.services.controller.PostControllerTest - No active profile set, falling back to 1 default profile: "default"
2025-12-05T16:36:00.610+0100 INFO               [main]                         be.pxl.services.controller.PostControllerTest - Started PostControllerTest in 8.742 seconds (process running for 25.564)
2025-12-05T16:36:01.686+0100 INFO               [main]                         be.pxl.services.service.PostService - EVENT RECEIVED: Post 67a731bb-4eef-40ab-be39-435305e7791c status updated to APPROVED at 2025-12-05T16:36:01.686421100
2025-12-05T16:36:01.791+0100 INFO               [main]                         be.pxl.services.service.PostService - EVENT RECEIVED: Post ab8fdd5a-4eab-4c23-93d7-caa0d089e557 status updated to REJECTED at 2025-12-05T16:36:01.791167400 with comment 'Not good'
2025-12-05T16:44:05.914+0100 INFO               [main]                         be.pxl.services.controller.PostControllerTest - Starting PostControllerTest using Java 17.0.9 with PID 30848 (started by maria in C:\Users\maria\PXL\22 - Java Full Stack\prova\project-malvesdiniz\backend-java\SpringCloudPXL\post-service)
2025-12-05T16:44:05.916+0100 DEBUG              [main]                         be.pxl.services.controller.PostControllerTest - Running with Spring Boot v3.2.2, Spring v6.1.3
2025-12-05T16:44:05.917+0100 INFO               [main]                         be.pxl.services.controller.PostControllerTest - No active profile set, falling back to 1 default profile: "default"
2025-12-05T16:44:13.330+0100 INFO               [main]                         be.pxl.services.controller.PostControllerTest - Started PostControllerTest in 9.241 seconds (process running for 25.801)
2025-12-05T16:44:14.440+0100 INFO               [main]                         be.pxl.services.service.PostService - EVENT RECEIVED: Post ec564f7d-0c45-40f7-b7b0-496b3a38b29e status updated to APPROVED at 2025-12-05T16:44:14.440239800
2025-12-05T16:44:14.567+0100 INFO               [main]                         be.pxl.services.service.PostService - EVENT RECEIVED: Post 0d7e1880-7d15-4f6e-95a4-a4ef76898213 status updated to REJECTED at 2025-12-05T16:44:14.566787600 with comment 'Not good'
2025-12-05T17:22:18.847+0100 INFO               [main]                         be.pxl.services.controller.PostControllerTest - Starting PostControllerTest using Java 17.0.9 with PID 12916 (started by maria in C:\Users\maria\PXL\22 - Java Full Stack\prova\project-malvesdiniz\backend-java\SpringCloudPXL\post-service)
2025-12-05T17:22:18.849+0100 DEBUG              [main]                         be.pxl.services.controller.PostControllerTest - Running with Spring Boot v3.2.2, Spring v6.1.3
2025-12-05T17:22:18.851+0100 INFO               [main]                         be.pxl.services.controller.PostControllerTest - No active profile set, falling back to 1 default profile: "default"
2025-12-05T17:22:25.234+0100 INFO               [main]                         be.pxl.services.controller.PostControllerTest - Started PostControllerTest in 8.093 seconds (process running for 26.194)
2025-12-05T17:22:26.317+0100 INFO               [main]                         be.pxl.services.service.PostService - EVENT RECEIVED: Post cfb66109-aa97-493f-a25a-5f67a5dbf465 status updated to APPROVED at 2025-12-05T17:22:26.317758100
2025-12-05T17:22:26.446+0100 INFO               [main]                         be.pxl.services.service.PostService - EVENT RECEIVED: Post d7981a1b-6263-48d4-a3f8-42816e6539d8 status updated to REJECTED at 2025-12-05T17:22:26.446226900 with comment 'Not good'
2025-12-05T17:24:11.484+0100 INFO               [main]                         be.pxl.services.controller.PostControllerTest - Starting PostControllerTest using Java 17.0.9 with PID 31904 (started by maria in C:\Users\maria\PXL\22 - Java Full Stack\prova\project-malvesdiniz\backend-java\SpringCloudPXL\post-service)
2025-12-05T17:24:11.486+0100 DEBUG              [main]                         be.pxl.services.controller.PostControllerTest - Running with Spring Boot v3.2.2, Spring v6.1.3
2025-12-05T17:24:11.491+0100 INFO               [main]                         be.pxl.services.controller.PostControllerTest - No active profile set, falling back to 1 default profile: "default"
2025-12-05T17:24:19.047+0100 INFO               [main]                         be.pxl.services.controller.PostControllerTest - Started PostControllerTest in 9.427 seconds (process running for 30.938)
2025-12-05T17:24:20.204+0100 INFO               [main]                         be.pxl.services.service.PostService - EVENT RECEIVED: Post 872349c1-3a78-4972-ba6a-ca1c76d4a4d8 status updated to APPROVED at 2025-12-05T17:24:20.204042
2025-12-05T17:24:20.340+0100 INFO               [main]                         be.pxl.services.service.PostService - EVENT RECEIVED: Post 1e65f6a2-47bd-493e-a27d-14ce43d86838 status updated to REJECTED at 2025-12-05T17:24:20.340324200 with comment 'Not good'
