2025-12-05T15:18:09.726+0100 INFO               [main]                         be.pxl.services.controller.ReviewControllerTests - Starting ReviewControllerTests using Java 17.0.9 with PID 32632 (started by maria in C:\Users\maria\PXL\22 - Java Full Stack\prova\project-malvesdiniz\backend-java\SpringCloudPXL\review-service)
2025-12-05T15:18:09.727+0100 DEBUG              [main]                         be.pxl.services.controller.ReviewControllerTests - Running with Spring Boot v3.2.2, Spring v6.1.3
2025-12-05T15:18:09.728+0100 INFO               [main]                         be.pxl.services.controller.ReviewControllerTests - No active profile set, falling back to 1 default profile: "default"
2025-12-05T15:18:21.176+0100 INFO               [main]                         be.pxl.services.controller.ReviewControllerTests - Started ReviewControllerTests in 13.813 seconds (process running for 33.237)
2025-12-05T15:27:33.618+0100 INFO               [main]                         be.pxl.services.controller.ReviewControllerTests - Starting ReviewControllerTests using Java 17.0.9 with PID 29768 (started by maria in C:\Users\maria\PXL\22 - Java Full Stack\prova\project-malvesdiniz\backend-java\SpringCloudPXL\review-service)
2025-12-05T15:27:33.619+0100 DEBUG              [main]                         be.pxl.services.controller.ReviewControllerTests - Running with Spring Boot v3.2.2, Spring v6.1.3
2025-12-05T15:27:33.620+0100 INFO               [main]                         be.pxl.services.controller.ReviewControllerTests - No active profile set, falling back to 1 default profile: "default"
2025-12-05T15:27:44.579+0100 INFO               [main]                         be.pxl.services.controller.ReviewControllerTests - Started ReviewControllerTests in 13.196 seconds (process running for 31.198)
2025-12-05T15:51:01.704+0100 INFO               [main]                         be.pxl.services.controller.ReviewControllerTests - Starting ReviewControllerTests using Java 17.0.9 with PID 3540 (started by maria in C:\Users\maria\PXL\22 - Java Full Stack\prova\project-malvesdiniz\backend-java\SpringCloudPXL\review-service)
2025-12-05T15:51:01.708+0100 DEBUG              [main]                         be.pxl.services.controller.ReviewControllerTests - Running with Spring Boot v3.2.2, Spring v6.1.3
2025-12-05T15:51:01.709+0100 INFO               [main]                         be.pxl.services.controller.ReviewControllerTests - No active profile set, falling back to 1 default profile: "default"
2025-12-05T15:51:08.104+0100 INFO               [main]                         be.pxl.services.controller.ReviewControllerTests - Started ReviewControllerTests in 8.109 seconds (process running for 23.452)
2025-12-05T15:55:51.224+0100 INFO               [main]                         be.pxl.services.controller.ReviewControllerTests - Starting ReviewControllerTests using Java 17.0.9 with PID 14008 (started by maria in C:\Users\maria\PXL\22 - Java Full Stack\prova\project-malvesdiniz\backend-java\SpringCloudPXL\review-service)
2025-12-05T15:55:51.225+0100 DEBUG              [main]                         be.pxl.services.controller.ReviewControllerTests - Running with Spring Boot v3.2.2, Spring v6.1.3
2025-12-05T15:55:51.227+0100 INFO               [main]                         be.pxl.services.controller.ReviewControllerTests - No active profile set, falling back to 1 default profile: "default"
2025-12-05T15:55:59.059+0100 INFO               [main]                         be.pxl.services.controller.ReviewControllerTests - Started ReviewControllerTests in 9.523 seconds (process running for 26.01)
2025-12-05T15:55:59.577+0100 INFO               [main]                         be.pxl.services.service.ReviewService - EVENT SENT: Post 066a056e-7029-41c9-9443-944023430d90 REJECTED by reviewer john at 2025-12-05T15:55:59.577818300 with comment 'Not good enough'
2025-12-05T15:57:01.220+0100 INFO               [main]                         be.pxl.services.controller.ReviewControllerTests - Starting ReviewControllerTests using Java 17.0.9 with PID 6128 (started by maria in C:\Users\maria\PXL\22 - Java Full Stack\prova\project-malvesdiniz\backend-java\SpringCloudPXL\review-service)
2025-12-05T15:57:01.221+0100 DEBUG              [main]                         be.pxl.services.controller.ReviewControllerTests - Running with Spring Boot v3.2.2, Spring v6.1.3
2025-12-05T15:57:01.222+0100 INFO               [main]                         be.pxl.services.controller.ReviewControllerTests - No active profile set, falling back to 1 default profile: "default"
2025-12-05T15:57:13.681+0100 INFO               [main]                         be.pxl.services.controller.ReviewControllerTests - Started ReviewControllerTests in 14.749 seconds (process running for 33.043)
2025-12-05T15:57:14.342+0100 INFO               [main]                         be.pxl.services.service.ReviewService - EVENT SENT: Post 765d96fb-d80c-4530-a0bb-c812d1f68bb6 APPROVED by reviewer john at 2025-12-05T15:57:14.342846600
2025-12-05T15:57:36.657+0100 INFO               [main]                         be.pxl.services.controller.ReviewControllerTests - Starting ReviewControllerTests using Java 17.0.9 with PID 21560 (started by maria in C:\Users\maria\PXL\22 - Java Full Stack\prova\project-malvesdiniz\backend-java\SpringCloudPXL\review-service)
2025-12-05T15:57:36.659+0100 DEBUG              [main]                         be.pxl.services.controller.ReviewControllerTests - Running with Spring Boot v3.2.2, Spring v6.1.3
2025-12-05T15:57:36.660+0100 INFO               [main]                         be.pxl.services.controller.ReviewControllerTests - No active profile set, falling back to 1 default profile: "default"
2025-12-05T15:57:45.598+0100 INFO               [main]                         be.pxl.services.controller.ReviewControllerTests - Started ReviewControllerTests in 10.808 seconds (process running for 51.023)
2025-12-05T15:57:46.192+0100 INFO               [main]                         be.pxl.services.service.ReviewService - EVENT SENT: Post d3eb774a-6d91-48be-afd7-f0d65ee86ab3 APPROVED by reviewer john at 2025-12-05T15:57:46.192959300
2025-12-05T15:57:46.595+0100 INFO               [main]                         be.pxl.services.service.ReviewService - EVENT SENT: Post 4309ff8e-04f0-4a09-a433-84eb361893ef REJECTED by reviewer john at 2025-12-05T15:57:46.595810600 with comment 'Not good enough'
2025-12-05T15:57:46.704+0100 INFO               [main]                         be.pxl.services.service.ReviewService - EVENT SENT: Post 482e5f30-dd12-4253-b1a7-4abbec6266a4 APPROVED by reviewer john at 2025-12-05T15:57:46.704685600
2025-12-05T15:57:46.740+0100 INFO               [main]                         be.pxl.services.service.ReviewService - EVENT SENT: Post 7dae2d46-1e39-46cd-9f70-0f43cc03c9df REJECTED by reviewer john at 2025-12-05T15:57:46.740406700 with comment 'bad'
2025-12-05T15:59:54.310+0100 INFO               [main]                         be.pxl.services.controller.ReviewControllerTests - Starting ReviewControllerTests using Java 17.0.9 with PID 30064 (started by maria in C:\Users\maria\PXL\22 - Java Full Stack\prova\project-malvesdiniz\backend-java\SpringCloudPXL\review-service)
2025-12-05T15:59:54.311+0100 DEBUG              [main]                         be.pxl.services.controller.ReviewControllerTests - Running with Spring Boot v3.2.2, Spring v6.1.3
2025-12-05T15:59:54.314+0100 INFO               [main]                         be.pxl.services.controller.ReviewControllerTests - No active profile set, falling back to 1 default profile: "default"
2025-12-05T16:00:01.490+0100 INFO               [main]                         be.pxl.services.controller.ReviewControllerTests - Started ReviewControllerTests in 8.969 seconds (process running for 26.289)
2025-12-05T16:00:55.051+0100 INFO               [main]                         be.pxl.services.controller.ReviewControllerTests - Starting ReviewControllerTests using Java 17.0.9 with PID 33592 (started by maria in C:\Users\maria\PXL\22 - Java Full Stack\prova\project-malvesdiniz\backend-java\SpringCloudPXL\review-service)
2025-12-05T16:00:55.054+0100 DEBUG              [main]                         be.pxl.services.controller.ReviewControllerTests - Running with Spring Boot v3.2.2, Spring v6.1.3
2025-12-05T16:00:55.054+0100 INFO               [main]                         be.pxl.services.controller.ReviewControllerTests - No active profile set, falling back to 1 default profile: "default"
2025-12-05T16:01:02.443+0100 INFO               [main]                         be.pxl.services.controller.ReviewControllerTests - Started ReviewControllerTests in 9.087 seconds (process running for 25.544)
2025-12-05T16:02:30.694+0100 INFO               [main]                         be.pxl.services.controller.ReviewControllerTests - Starting ReviewControllerTests using Java 17.0.9 with PID 11680 (started by maria in C:\Users\maria\PXL\22 - Java Full Stack\prova\project-malvesdiniz\backend-java\SpringCloudPXL\review-service)
2025-12-05T16:02:30.695+0100 DEBUG              [main]                         be.pxl.services.controller.ReviewControllerTests - Running with Spring Boot v3.2.2, Spring v6.1.3
2025-12-05T16:02:30.696+0100 INFO               [main]                         be.pxl.services.controller.ReviewControllerTests - No active profile set, falling back to 1 default profile: "default"
2025-12-05T16:02:38.496+0100 INFO               [main]                         be.pxl.services.controller.ReviewControllerTests - Started ReviewControllerTests in 9.497 seconds (process running for 25.45)
2025-12-05T16:04:12.438+0100 INFO               [main]                         be.pxl.services.controller.ReviewControllerTests - Starting ReviewControllerTests using Java 17.0.9 with PID 13628 (started by maria in C:\Users\maria\PXL\22 - Java Full Stack\prova\project-malvesdiniz\backend-java\SpringCloudPXL\review-service)
2025-12-05T16:04:12.440+0100 DEBUG              [main]                         be.pxl.services.controller.ReviewControllerTests - Running with Spring Boot v3.2.2, Spring v6.1.3
2025-12-05T16:04:12.441+0100 INFO               [main]                         be.pxl.services.controller.ReviewControllerTests - No active profile set, falling back to 1 default profile: "default"
2025-12-05T16:04:20.811+0100 INFO               [main]                         be.pxl.services.controller.ReviewControllerTests - Started ReviewControllerTests in 10.183 seconds (process running for 27.527)
2025-12-05T17:36:39.887+0100 INFO               [main]                         be.pxl.services.controller.ReviewControllerTests - Starting ReviewControllerTests using Java 17.0.9 with PID 29612 (started by maria in C:\Users\maria\PXL\22 - Java Full Stack\prova\project-malvesdiniz\backend-java\SpringCloudPXL\review-service)
2025-12-05T17:36:39.890+0100 DEBUG              [main]                         be.pxl.services.controller.ReviewControllerTests - Running with Spring Boot v3.2.2, Spring v6.1.3
2025-12-05T17:36:39.891+0100 INFO               [main]                         be.pxl.services.controller.ReviewControllerTests - No active profile set, falling back to 1 default profile: "default"
2025-12-05T17:36:47.778+0100 INFO               [main]                         be.pxl.services.controller.ReviewControllerTests - Started ReviewControllerTests in 9.625 seconds (process running for 27.955)
2025-12-05T17:36:48.205+0100 INFO               [main]                         be.pxl.services.service.ReviewService - EVENT SENT: Post cd32d9d6-02c5-4880-bede-5e8b500cb2bc APPROVED by reviewer john at 2025-12-05T17:36:48.205512400
2025-12-05T17:36:48.521+0100 INFO               [main]                         be.pxl.services.service.ReviewService - EVENT SENT: Post 22910569-7fce-4d76-8464-cfdc5ada3182 REJECTED by redact john at 2025-12-05T17:36:48.521331900 with comment 'Not good enough'
2025-12-05T17:36:48.577+0100 INFO               [main]                         be.pxl.services.service.ReviewService - EVENT SENT: Post 4305b1ab-54ed-405b-b3a8-513501a9b6dc APPROVED by reviewer john at 2025-12-05T17:36:48.577081600
2025-12-05T17:36:48.595+0100 INFO               [main]                         be.pxl.services.service.ReviewService - EVENT SENT: Post 070cc7d0-fcc8-4cf5-af0a-f39201190279 REJECTED by redact john at 2025-12-05T17:36:48.595963700 with comment 'bad'
