2025-12-07T19:39:26.337+0100 INFO               [main]                         be.pxl.services.PostServiceApplication - Starting PostServiceApplication using Java 17.0.9 with PID 30908 (C:\Users\maria\PXL\22 - Java Full Stack\prova\project-malvesdiniz\backend-java\SpringCloudPXL\post-service\target\classes started by maria in C:\Users\maria\PXL\22 - Java Full Stack\prova\project-malvesdiniz\backend-java\SpringCloudPXL)
2025-12-07T19:39:26.344+0100 DEBUG              [main]                         be.pxl.services.PostServiceApplication - Running with Spring Boot v3.2.2, Spring v6.1.3
2025-12-07T19:39:26.345+0100 INFO               [main]                         be.pxl.services.PostServiceApplication - No active profile set, falling back to 1 default profile: "default"
2025-12-07T19:39:33.745+0100 INFO               [main]                         be.pxl.services.ReviewServiceApplication - Starting ReviewServiceApplication using Java 17.0.9 with PID 19996 (C:\Users\maria\PXL\22 - Java Full Stack\prova\project-malvesdiniz\backend-java\SpringCloudPXL\review-service\target\classes started by maria in C:\Users\maria\PXL\22 - Java Full Stack\prova\project-malvesdiniz\backend-java\SpringCloudPXL)
2025-12-07T19:39:33.747+0100 DEBUG              [main]                         be.pxl.services.ReviewServiceApplication - Running with Spring Boot v3.2.2, Spring v6.1.3
2025-12-07T19:39:33.748+0100 INFO               [main]                         be.pxl.services.ReviewServiceApplication - No active profile set, falling back to 1 default profile: "default"
2025-12-07T19:39:36.208+0100 INFO               [main]                         be.pxl.services.PostServiceApplication - Started PostServiceApplication in 12.038 seconds (process running for 12.963)
2025-12-07T19:39:39.379+0100 INFO               [main]                         be.pxl.services.CommentServiceApplication - Starting CommentServiceApplication using Java 17.0.9 with PID 16628 (C:\Users\maria\PXL\22 - Java Full Stack\prova\project-malvesdiniz\backend-java\SpringCloudPXL\comment-service\target\classes started by maria in C:\Users\maria\PXL\22 - Java Full Stack\prova\project-malvesdiniz\backend-java\SpringCloudPXL)
2025-12-07T19:39:39.380+0100 DEBUG              [main]                         be.pxl.services.CommentServiceApplication - Running with Spring Boot v3.2.2, Spring v6.1.3
2025-12-07T19:39:39.381+0100 INFO               [main]                         be.pxl.services.CommentServiceApplication - No active profile set, falling back to 1 default profile: "default"
2025-12-07T19:39:43.102+0100 INFO               [main]                         be.pxl.services.ReviewServiceApplication - Started ReviewServiceApplication in 11.742 seconds (process running for 12.695)
2025-12-07T19:39:47.859+0100 INFO               [main]                         be.pxl.services.CommentServiceApplication - Started CommentServiceApplication in 10.641 seconds (process running for 11.525)
2025-12-07T19:58:04.399+0100 INFO               [main]                         be.pxl.services.PostServiceApplication - Starting PostServiceApplication using Java 17.0.9 with PID 8404 (C:\Users\maria\PXL\22 - Java Full Stack\prova\project-malvesdiniz\backend-java\SpringCloudPXL\post-service\target\classes started by maria in C:\Users\maria\PXL\22 - Java Full Stack\prova\project-malvesdiniz\backend-java\SpringCloudPXL)
2025-12-07T19:58:04.400+0100 DEBUG              [main]                         be.pxl.services.PostServiceApplication - Running with Spring Boot v3.2.2, Spring v6.1.3
2025-12-07T19:58:04.402+0100 INFO               [main]                         be.pxl.services.PostServiceApplication - No active profile set, falling back to 1 default profile: "default"
2025-12-07T19:58:14.113+0100 INFO               [main]                         be.pxl.services.PostServiceApplication - Started PostServiceApplication in 12.125 seconds (process running for 12.864)
2025-12-07T20:01:01.445+0100 INFO               [main]                         be.pxl.services.PostServiceApplication - Starting PostServiceApplication using Java 17.0.9 with PID 12360 (C:\Users\maria\PXL\22 - Java Full Stack\prova\project-malvesdiniz\backend-java\SpringCloudPXL\post-service\target\classes started by maria in C:\Users\maria\PXL\22 - Java Full Stack\prova\project-malvesdiniz\backend-java\SpringCloudPXL)
2025-12-07T20:01:01.446+0100 DEBUG              [main]                         be.pxl.services.PostServiceApplication - Running with Spring Boot v3.2.2, Spring v6.1.3
2025-12-07T20:01:01.447+0100 INFO               [main]                         be.pxl.services.PostServiceApplication - No active profile set, falling back to 1 default profile: "default"
2025-12-07T20:01:09.497+0100 INFO               [main]                         be.pxl.services.PostServiceApplication - Started PostServiceApplication in 10.231 seconds (process running for 11.026)
2025-12-07T20:03:33.006+0100 INFO               [main]                         be.pxl.services.PostServiceApplication - Starting PostServiceApplication using Java 17.0.9 with PID 2804 (C:\Users\maria\PXL\22 - Java Full Stack\prova\project-malvesdiniz\backend-java\SpringCloudPXL\post-service\target\classes started by maria in C:\Users\maria\PXL\22 - Java Full Stack\prova\project-malvesdiniz\backend-java\SpringCloudPXL)
2025-12-07T20:03:33.008+0100 DEBUG              [main]                         be.pxl.services.PostServiceApplication - Running with Spring Boot v3.2.2, Spring v6.1.3
2025-12-07T20:03:33.009+0100 INFO               [main]                         be.pxl.services.PostServiceApplication - No active profile set, falling back to 1 default profile: "default"
2025-12-07T20:03:40.872+0100 INFO               [main]                         be.pxl.services.PostServiceApplication - Started PostServiceApplication in 9.977 seconds (process running for 10.635)
2025-12-07T20:04:24.556+0100 INFO               [main]                         be.pxl.services.PostServiceApplication - Starting PostServiceApplication using Java 17.0.9 with PID 16368 (C:\Users\maria\PXL\22 - Java Full Stack\prova\project-malvesdiniz\backend-java\SpringCloudPXL\post-service\target\classes started by maria in C:\Users\maria\PXL\22 - Java Full Stack\prova\project-malvesdiniz\backend-java\SpringCloudPXL)
2025-12-07T20:04:24.558+0100 DEBUG              [main]                         be.pxl.services.PostServiceApplication - Running with Spring Boot v3.2.2, Spring v6.1.3
2025-12-07T20:04:24.558+0100 INFO               [main]                         be.pxl.services.PostServiceApplication - No active profile set, falling back to 1 default profile: "default"
2025-12-07T20:04:32.795+0100 INFO               [main]                         be.pxl.services.PostServiceApplication - Started PostServiceApplication in 10.434 seconds (process running for 11.39)
2025-12-07T20:06:32.392+0100 INFO               [main]                         be.pxl.services.CommentServiceApplication - Starting CommentServiceApplication using Java 17.0.9 with PID 29996 (C:\Users\maria\PXL\22 - Java Full Stack\prova\project-malvesdiniz\backend-java\SpringCloudPXL\comment-service\target\classes started by maria in C:\Users\maria\PXL\22 - Java Full Stack\prova\project-malvesdiniz\backend-java\SpringCloudPXL)
2025-12-07T20:06:32.393+0100 DEBUG              [main]                         be.pxl.services.CommentServiceApplication - Running with Spring Boot v3.2.2, Spring v6.1.3
2025-12-07T20:06:32.394+0100 INFO               [main]                         be.pxl.services.CommentServiceApplication - No active profile set, falling back to 1 default profile: "default"
2025-12-07T20:06:36.591+0100 INFO               [main]                         be.pxl.services.ReviewServiceApplication - Starting ReviewServiceApplication using Java 17.0.9 with PID 19372 (C:\Users\maria\PXL\22 - Java Full Stack\prova\project-malvesdiniz\backend-java\SpringCloudPXL\review-service\target\classes started by maria in C:\Users\maria\PXL\22 - Java Full Stack\prova\project-malvesdiniz\backend-java\SpringCloudPXL)
2025-12-07T20:06:36.593+0100 DEBUG              [main]                         be.pxl.services.ReviewServiceApplication - Running with Spring Boot v3.2.2, Spring v6.1.3
2025-12-07T20:06:36.594+0100 INFO               [main]                         be.pxl.services.ReviewServiceApplication - No active profile set, falling back to 1 default profile: "default"
2025-12-07T20:06:40.128+0100 INFO               [main]                         be.pxl.services.PostServiceApplication - Starting PostServiceApplication using Java 17.0.9 with PID 8120 (C:\Users\maria\PXL\22 - Java Full Stack\prova\project-malvesdiniz\backend-java\SpringCloudPXL\post-service\target\classes started by maria in C:\Users\maria\PXL\22 - Java Full Stack\prova\project-malvesdiniz\backend-java\SpringCloudPXL)
2025-12-07T20:06:40.130+0100 DEBUG              [main]                         be.pxl.services.PostServiceApplication - Running with Spring Boot v3.2.2, Spring v6.1.3
2025-12-07T20:06:40.131+0100 INFO               [main]                         be.pxl.services.PostServiceApplication - No active profile set, falling back to 1 default profile: "default"
2025-12-07T20:06:41.548+0100 INFO               [main]                         be.pxl.services.CommentServiceApplication - Started CommentServiceApplication in 11.365 seconds (process running for 12.149)
2025-12-07T20:06:45.601+0100 INFO               [main]                         be.pxl.services.ReviewServiceApplication - Started ReviewServiceApplication in 11.269 seconds (process running for 12.085)
2025-12-07T20:06:48.335+0100 INFO               [main]                         be.pxl.services.PostServiceApplication - Started PostServiceApplication in 10.635 seconds (process running for 11.506)
2025-12-07T20:10:59.628+0100 INFO               [http-nio-8091-exec-6]         be.pxl.services.service.PostService - EVENT RECEIVED: Post 778f6e97-1b0f-41c7-8e9d-2fb776458868 status updated to APPROVED at 2025-12-07T20:10:59.628946500
2025-12-07T20:10:59.752+0100 INFO               [http-nio-8092-exec-3]         be.pxl.services.service.ReviewService - EVENT SENT: Post 778f6e97-1b0f-41c7-8e9d-2fb776458868 APPROVED by reviewer Mariana at 2025-12-07T20:10:59.752764600
2025-12-07T20:10:59.881+0100 INFO               [org.springframework.amqp.rabbit.RabbitListenerEndpointContainer#1-1] be.pxl.services.service.PostService - EVENT RECEIVED FROM RABBIT: Post 778f6e97-1b0f-41c7-8e9d-2fb776458868 approved
