2025-12-05T17:04:37.479+0100 INFO               [main]                         be.pxl.services.CommentServiceApplication - Starting CommentServiceApplication using Java 17.0.9 with PID 17652 (C:\Users\maria\PXL\22 - Java Full Stack\prova\project-malvesdiniz\backend-java\SpringCloudPXL\comment-service\target\classes started by maria in C:\Users\maria\PXL\22 - Java Full Stack\prova\project-malvesdiniz\backend-java\SpringCloudPXL)
2025-12-05T17:04:37.482+0100 DEBUG              [main]                         be.pxl.services.CommentServiceApplication - Running with Spring Boot v3.2.2, Spring v6.1.3
2025-12-05T17:04:37.483+0100 INFO               [main]                         be.pxl.services.CommentServiceApplication - No active profile set, falling back to 1 default profile: "default"
2025-12-05T17:04:45.955+0100 INFO               [main]                         be.pxl.services.CommentServiceApplication - Started CommentServiceApplication in 10.666 seconds (process running for 11.492)
2025-12-05T17:04:52.441+0100 INFO               [main]                         be.pxl.services.ReviewServiceApplication - Starting ReviewServiceApplication using Java 17.0.9 with PID 11676 (C:\Users\maria\PXL\22 - Java Full Stack\prova\project-malvesdiniz\backend-java\SpringCloudPXL\review-service\target\classes started by maria in C:\Users\maria\PXL\22 - Java Full Stack\prova\project-malvesdiniz\backend-java\SpringCloudPXL)
2025-12-05T17:04:52.442+0100 DEBUG              [main]                         be.pxl.services.ReviewServiceApplication - Running with Spring Boot v3.2.2, Spring v6.1.3
2025-12-05T17:04:52.442+0100 INFO               [main]                         be.pxl.services.ReviewServiceApplication - No active profile set, falling back to 1 default profile: "default"
2025-12-05T17:05:00.832+0100 INFO               [main]                         be.pxl.services.ReviewServiceApplication - Started ReviewServiceApplication in 10.71 seconds (process running for 11.456)
2025-12-05T17:05:06.292+0100 INFO               [main]                         be.pxl.services.PostServiceApplication - Starting PostServiceApplication using Java 17.0.9 with PID 24936 (C:\Users\maria\PXL\22 - Java Full Stack\prova\project-malvesdiniz\backend-java\SpringCloudPXL\post-service\target\classes started by maria in C:\Users\maria\PXL\22 - Java Full Stack\prova\project-malvesdiniz\backend-java\SpringCloudPXL)
2025-12-05T17:05:06.293+0100 DEBUG              [main]                         be.pxl.services.PostServiceApplication - Running with Spring Boot v3.2.2, Spring v6.1.3
2025-12-05T17:05:06.294+0100 INFO               [main]                         be.pxl.services.PostServiceApplication - No active profile set, falling back to 1 default profile: "default"
2025-12-05T17:05:14.770+0100 INFO               [main]                         be.pxl.services.PostServiceApplication - Started PostServiceApplication in 10.641 seconds (process running for 11.454)
2025-12-05T17:36:48.438+0100 INFO               [org.springframework.amqp.rabbit.RabbitListenerEndpointContainer#1-1] be.pxl.services.service.PostService - EVENT RECEIVED FROM RABBIT: Post cd32d9d6-02c5-4880-bede-5e8b500cb2bc approved
2025-12-05T17:36:48.526+0100 INFO               [org.springframework.amqp.rabbit.RabbitListenerEndpointContainer#0-1] be.pxl.services.service.PostService - EVENT RECEIVED FROM RABBIT: 22910569-7fce-4d76-8464-cfdc5ada3182|Not good enough
2025-12-05T17:36:48.580+0100 INFO               [org.springframework.amqp.rabbit.RabbitListenerEndpointContainer#1-1] be.pxl.services.service.PostService - EVENT RECEIVED FROM RABBIT: Post 4305b1ab-54ed-405b-b3a8-513501a9b6dc approved
2025-12-05T17:36:48.600+0100 INFO               [org.springframework.amqp.rabbit.RabbitListenerEndpointContainer#0-1] be.pxl.services.service.PostService - EVENT RECEIVED FROM RABBIT: 070cc7d0-fcc8-4cf5-af0a-f39201190279|bad
2025-12-05T17:41:54.038+0100 INFO               [http-nio-8091-exec-7]         be.pxl.services.service.PostService - EVENT RECEIVED: Post 08b49ed1-15f3-4d42-96b2-24fd58d65c83 status updated to APPROVED at 2025-12-05T17:41:54.038919
2025-12-05T17:41:54.286+0100 INFO               [http-nio-8092-exec-2]         be.pxl.services.service.ReviewService - EVENT SENT: Post 08b49ed1-15f3-4d42-96b2-24fd58d65c83 APPROVED by reviewer Mariana at 2025-12-05T17:41:54.286553600
2025-12-05T17:41:54.479+0100 INFO               [org.springframework.amqp.rabbit.RabbitListenerEndpointContainer#1-1] be.pxl.services.service.PostService - EVENT RECEIVED FROM RABBIT: Post 08b49ed1-15f3-4d42-96b2-24fd58d65c83 approved
2025-12-05T17:46:03.823+0100 INFO               [http-nio-8091-exec-4]         be.pxl.services.service.PostService - EVENT RECEIVED: Post b4799d27-9535-4bab-8d70-b3fbcc02c1cf status updated to REJECTED at 2025-12-05T17:46:03.823693900 with comment 'Conteúdo inadequado'
2025-12-05T17:46:03.869+0100 INFO               [http-nio-8092-exec-7]         be.pxl.services.service.ReviewService - EVENT SENT: Post b4799d27-9535-4bab-8d70-b3fbcc02c1cf REJECTED by reviewer Mariana at 2025-12-05T17:46:03.869732400 with comment 'Conteúdo inadequado'
2025-12-05T17:46:03.875+0100 INFO               [org.springframework.amqp.rabbit.RabbitListenerEndpointContainer#0-1] be.pxl.services.service.PostService - EVENT RECEIVED FROM RABBIT: b4799d27-9535-4bab-8d70-b3fbcc02c1cf|Conteúdo inadequado
