2025-12-04T10:50:22.998+0100 INFO               [main]                         be.pxl.services.PostServiceApplication - Starting PostServiceApplication using Java 17.0.9 with PID 21924 (C:\Users\maria\PXL\22 - Java Full Stack\prova\project-malvesdiniz\backend-java\SpringCloudPXL\post-service\target\classes started by maria in C:\Users\maria\PXL\22 - Java Full Stack\prova\project-malvesdiniz\backend-java\SpringCloudPXL)
2025-12-04T10:50:22.999+0100 DEBUG              [main]                         be.pxl.services.PostServiceApplication - Running with Spring Boot v3.2.2, Spring v6.1.3
2025-12-04T10:50:23.000+0100 INFO               [main]                         be.pxl.services.PostServiceApplication - No active profile set, falling back to 1 default profile: "default"
2025-12-04T10:52:43.531+0100 INFO               [main]                         be.pxl.services.PostServiceApplication - Starting PostServiceApplication using Java 17.0.9 with PID 35604 (C:\Users\maria\PXL\22 - Java Full Stack\prova\project-malvesdiniz\backend-java\SpringCloudPXL\post-service\target\classes started by maria in C:\Users\maria\PXL\22 - Java Full Stack\prova\project-malvesdiniz\backend-java\SpringCloudPXL)
2025-12-04T10:52:43.534+0100 DEBUG              [main]                         be.pxl.services.PostServiceApplication - Running with Spring Boot v3.2.2, Spring v6.1.3
2025-12-04T10:52:43.535+0100 INFO               [main]                         be.pxl.services.PostServiceApplication - No active profile set, falling back to 1 default profile: "default"
2025-12-04T11:10:52.986+0100 INFO               [main]                         be.pxl.services.PostServiceApplication - Starting PostServiceApplication using Java 17.0.9 with PID 33452 (C:\Users\maria\PXL\22 - Java Full Stack\prova\project-malvesdiniz\backend-java\SpringCloudPXL\post-service\target\classes started by maria in C:\Users\maria\PXL\22 - Java Full Stack\prova\project-malvesdiniz\backend-java\SpringCloudPXL)
2025-12-04T11:10:52.987+0100 DEBUG              [main]                         be.pxl.services.PostServiceApplication - Running with Spring Boot v3.2.2, Spring v6.1.3
2025-12-04T11:10:52.987+0100 INFO               [main]                         be.pxl.services.PostServiceApplication - No active profile set, falling back to 1 default profile: "default"
2025-12-04T11:13:17.503+0100 INFO               [main]                         be.pxl.services.PostServiceApplication - Starting PostServiceApplication using Java 17.0.9 with PID 30040 (C:\Users\maria\PXL\22 - Java Full Stack\prova\project-malvesdiniz\backend-java\SpringCloudPXL\post-service\target\classes started by maria in C:\Users\maria\PXL\22 - Java Full Stack\prova\project-malvesdiniz\backend-java\SpringCloudPXL)
2025-12-04T11:13:17.506+0100 DEBUG              [main]                         be.pxl.services.PostServiceApplication - Running with Spring Boot v3.2.2, Spring v6.1.3
2025-12-04T11:13:17.506+0100 INFO               [main]                         be.pxl.services.PostServiceApplication - No active profile set, falling back to 1 default profile: "default"
2025-12-04T11:13:23.221+0100 INFO               [main]                         be.pxl.services.PostServiceApplication - Started PostServiceApplication in 7.017 seconds (process running for 7.847)
2025-12-04T11:16:53.284+0100 INFO               [main]                         be.pxl.services.PostServiceApplication - Starting PostServiceApplication using Java 17.0.9 with PID 13596 (C:\Users\maria\PXL\22 - Java Full Stack\prova\project-malvesdiniz\backend-java\SpringCloudPXL\post-service\target\classes started by maria in C:\Users\maria\PXL\22 - Java Full Stack\prova\project-malvesdiniz\backend-java\SpringCloudPXL)
2025-12-04T11:16:53.286+0100 DEBUG              [main]                         be.pxl.services.PostServiceApplication - Running with Spring Boot v3.2.2, Spring v6.1.3
2025-12-04T11:16:53.287+0100 INFO               [main]                         be.pxl.services.PostServiceApplication - No active profile set, falling back to 1 default profile: "default"
2025-12-04T11:16:57.927+0100 INFO               [main]                         be.pxl.services.PostServiceApplication - Started PostServiceApplication in 5.916 seconds (process running for 6.591)
2025-12-04T11:33:54.065+0100 INFO               [main]                         be.pxl.services.PostServiceApplication - Starting PostServiceApplication using Java 17.0.9 with PID 4572 (C:\Users\maria\PXL\22 - Java Full Stack\prova\project-malvesdiniz\backend-java\SpringCloudPXL\post-service\target\classes started by maria in C:\Users\maria\PXL\22 - Java Full Stack\prova\project-malvesdiniz\backend-java\SpringCloudPXL)
2025-12-04T11:33:54.066+0100 DEBUG              [main]                         be.pxl.services.PostServiceApplication - Running with Spring Boot v3.2.2, Spring v6.1.3
2025-12-04T11:33:54.067+0100 INFO               [main]                         be.pxl.services.PostServiceApplication - No active profile set, falling back to 1 default profile: "default"
2025-12-04T11:33:59.149+0100 INFO               [main]                         be.pxl.services.PostServiceApplication - Started PostServiceApplication in 6.142 seconds (process running for 6.801)
2025-12-04T11:34:09.792+0100 INFO               [main]                         be.pxl.services.ReviewServiceApplication - Starting ReviewServiceApplication using Java 17.0.9 with PID 20444 (C:\Users\maria\PXL\22 - Java Full Stack\prova\project-malvesdiniz\backend-java\SpringCloudPXL\review-service\target\classes started by maria in C:\Users\maria\PXL\22 - Java Full Stack\prova\project-malvesdiniz\backend-java\SpringCloudPXL)
2025-12-04T11:34:09.793+0100 DEBUG              [main]                         be.pxl.services.ReviewServiceApplication - Running with Spring Boot v3.2.2, Spring v6.1.3
2025-12-04T11:34:09.793+0100 INFO               [main]                         be.pxl.services.ReviewServiceApplication - No active profile set, falling back to 1 default profile: "default"
2025-12-04T11:35:08.640+0100 INFO               [main]                         be.pxl.services.ReviewServiceApplication - Starting ReviewServiceApplication using Java 17.0.9 with PID 3712 (C:\Users\maria\PXL\22 - Java Full Stack\prova\project-malvesdiniz\backend-java\SpringCloudPXL\review-service\target\classes started by maria in C:\Users\maria\PXL\22 - Java Full Stack\prova\project-malvesdiniz\backend-java\SpringCloudPXL)
2025-12-04T11:35:08.642+0100 DEBUG              [main]                         be.pxl.services.ReviewServiceApplication - Running with Spring Boot v3.2.2, Spring v6.1.3
2025-12-04T11:35:08.643+0100 INFO               [main]                         be.pxl.services.ReviewServiceApplication - No active profile set, falling back to 1 default profile: "default"
2025-12-04T11:41:32.081+0100 INFO               [main]                         be.pxl.services.ReviewServiceApplication - Starting ReviewServiceApplication using Java 17.0.9 with PID 26428 (C:\Users\maria\PXL\22 - Java Full Stack\prova\project-malvesdiniz\backend-java\SpringCloudPXL\review-service\target\classes started by maria in C:\Users\maria\PXL\22 - Java Full Stack\prova\project-malvesdiniz\backend-java\SpringCloudPXL)
2025-12-04T11:41:32.082+0100 DEBUG              [main]                         be.pxl.services.ReviewServiceApplication - Running with Spring Boot v3.2.2, Spring v6.1.3
2025-12-04T11:41:32.083+0100 INFO               [main]                         be.pxl.services.ReviewServiceApplication - No active profile set, falling back to 1 default profile: "default"
2025-12-04T11:43:51.997+0100 INFO               [main]                         be.pxl.services.ReviewServiceApplication - Starting ReviewServiceApplication using Java 17.0.9 with PID 22168 (C:\Users\maria\PXL\22 - Java Full Stack\prova\project-malvesdiniz\backend-java\SpringCloudPXL\review-service\target\classes started by maria in C:\Users\maria\PXL\22 - Java Full Stack\prova\project-malvesdiniz\backend-java\SpringCloudPXL)
2025-12-04T11:43:51.998+0100 DEBUG              [main]                         be.pxl.services.ReviewServiceApplication - Running with Spring Boot v3.2.2, Spring v6.1.3
2025-12-04T11:43:51.999+0100 INFO               [main]                         be.pxl.services.ReviewServiceApplication - No active profile set, falling back to 1 default profile: "default"
2025-12-04T11:43:57.284+0100 INFO               [main]                         be.pxl.services.ReviewServiceApplication - Started ReviewServiceApplication in 6.429 seconds (process running for 7.203)
2025-12-04T11:44:35.658+0100 INFO               [main]                         be.pxl.services.CommentServiceApplication - Starting CommentServiceApplication using Java 17.0.9 with PID 24316 (C:\Users\maria\PXL\22 - Java Full Stack\prova\project-malvesdiniz\backend-java\SpringCloudPXL\comment-service\target\classes started by maria in C:\Users\maria\PXL\22 - Java Full Stack\prova\project-malvesdiniz\backend-java\SpringCloudPXL)
2025-12-04T11:44:35.660+0100 DEBUG              [main]                         be.pxl.services.CommentServiceApplication - Running with Spring Boot v3.2.2, Spring v6.1.3
2025-12-04T11:44:35.660+0100 INFO               [main]                         be.pxl.services.CommentServiceApplication - No active profile set, falling back to 1 default profile: "default"
2025-12-04T11:50:17.626+0100 INFO               [main]                         be.pxl.services.CommentServiceApplication - Starting CommentServiceApplication using Java 17.0.9 with PID 16692 (C:\Users\maria\PXL\22 - Java Full Stack\prova\project-malvesdiniz\backend-java\SpringCloudPXL\comment-service\target\classes started by maria in C:\Users\maria\PXL\22 - Java Full Stack\prova\project-malvesdiniz\backend-java\SpringCloudPXL)
2025-12-04T11:50:17.627+0100 DEBUG              [main]                         be.pxl.services.CommentServiceApplication - Running with Spring Boot v3.2.2, Spring v6.1.3
2025-12-04T11:50:17.627+0100 INFO               [main]                         be.pxl.services.CommentServiceApplication - No active profile set, falling back to 1 default profile: "default"
2025-12-04T11:50:22.204+0100 INFO               [main]                         be.pxl.services.CommentServiceApplication - Started CommentServiceApplication in 5.769 seconds (process running for 6.452)
2025-12-04T11:50:30.430+0100 INFO               [main]                         be.pxl.services.PostServiceApplication - Starting PostServiceApplication using Java 17.0.9 with PID 29636 (C:\Users\maria\PXL\22 - Java Full Stack\prova\project-malvesdiniz\backend-java\SpringCloudPXL\post-service\target\classes started by maria in C:\Users\maria\PXL\22 - Java Full Stack\prova\project-malvesdiniz\backend-java\SpringCloudPXL)
2025-12-04T11:50:30.431+0100 DEBUG              [main]                         be.pxl.services.PostServiceApplication - Running with Spring Boot v3.2.2, Spring v6.1.3
2025-12-04T11:50:30.431+0100 INFO               [main]                         be.pxl.services.PostServiceApplication - No active profile set, falling back to 1 default profile: "default"
2025-12-04T11:50:35.085+0100 INFO               [main]                         be.pxl.services.PostServiceApplication - Started PostServiceApplication in 5.861 seconds (process running for 6.582)
2025-12-04T14:58:19.990+0100 INFO               [main]                         be.pxl.services.PostServiceApplication - Starting PostServiceApplication using Java 17.0.9 with PID 25344 (C:\Users\maria\PXL\22 - Java Full Stack\prova\project-malvesdiniz\backend-java\SpringCloudPXL\post-service\target\classes started by maria in C:\Users\maria\PXL\22 - Java Full Stack\prova\project-malvesdiniz\backend-java\SpringCloudPXL)
2025-12-04T14:58:19.992+0100 DEBUG              [main]                         be.pxl.services.PostServiceApplication - Running with Spring Boot v3.2.2, Spring v6.1.3
2025-12-04T14:58:19.992+0100 INFO               [main]                         be.pxl.services.PostServiceApplication - No active profile set, falling back to 1 default profile: "default"
2025-12-04T14:58:25.363+0100 INFO               [main]                         be.pxl.services.PostServiceApplication - Started PostServiceApplication in 6.534 seconds (process running for 7.213)
2025-12-04T14:58:31.664+0100 INFO               [main]                         be.pxl.services.ReviewServiceApplication - Starting ReviewServiceApplication using Java 17.0.9 with PID 3272 (C:\Users\maria\PXL\22 - Java Full Stack\prova\project-malvesdiniz\backend-java\SpringCloudPXL\review-service\target\classes started by maria in C:\Users\maria\PXL\22 - Java Full Stack\prova\project-malvesdiniz\backend-java\SpringCloudPXL)
2025-12-04T14:58:31.665+0100 DEBUG              [main]                         be.pxl.services.ReviewServiceApplication - Running with Spring Boot v3.2.2, Spring v6.1.3
2025-12-04T14:58:31.666+0100 INFO               [main]                         be.pxl.services.ReviewServiceApplication - No active profile set, falling back to 1 default profile: "default"
2025-12-04T14:58:36.412+0100 INFO               [main]                         be.pxl.services.ReviewServiceApplication - Started ReviewServiceApplication in 5.919 seconds (process running for 6.577)
2025-12-04T14:58:41.584+0100 INFO               [main]                         be.pxl.services.CommentServiceApplication - Starting CommentServiceApplication using Java 17.0.9 with PID 26776 (C:\Users\maria\PXL\22 - Java Full Stack\prova\project-malvesdiniz\backend-java\SpringCloudPXL\comment-service\target\classes started by maria in C:\Users\maria\PXL\22 - Java Full Stack\prova\project-malvesdiniz\backend-java\SpringCloudPXL)
2025-12-04T14:58:41.587+0100 DEBUG              [main]                         be.pxl.services.CommentServiceApplication - Running with Spring Boot v3.2.2, Spring v6.1.3
2025-12-04T14:58:41.587+0100 INFO               [main]                         be.pxl.services.CommentServiceApplication - No active profile set, falling back to 1 default profile: "default"
2025-12-04T14:58:46.731+0100 INFO               [main]                         be.pxl.services.CommentServiceApplication - Started CommentServiceApplication in 6.349 seconds (process running for 7.136)
2025-12-04T15:01:15.429+0100 INFO               [main]                         be.pxl.services.CommentServiceApplication - Starting CommentServiceApplication using Java 17.0.9 with PID 5580 (C:\Users\maria\PXL\22 - Java Full Stack\prova\project-malvesdiniz\backend-java\SpringCloudPXL\comment-service\target\classes started by maria in C:\Users\maria\PXL\22 - Java Full Stack\prova\project-malvesdiniz\backend-java\SpringCloudPXL)
2025-12-04T15:01:15.430+0100 DEBUG              [main]                         be.pxl.services.CommentServiceApplication - Running with Spring Boot v3.2.2, Spring v6.1.3
2025-12-04T15:01:15.431+0100 INFO               [main]                         be.pxl.services.CommentServiceApplication - No active profile set, falling back to 1 default profile: "default"
2025-12-04T15:01:20.237+0100 INFO               [main]                         be.pxl.services.CommentServiceApplication - Started CommentServiceApplication in 5.986 seconds (process running for 6.698)
2025-12-04T15:01:24.306+0100 INFO               [main]                         be.pxl.services.ReviewServiceApplication - Starting ReviewServiceApplication using Java 17.0.9 with PID 26512 (C:\Users\maria\PXL\22 - Java Full Stack\prova\project-malvesdiniz\backend-java\SpringCloudPXL\review-service\target\classes started by maria in C:\Users\maria\PXL\22 - Java Full Stack\prova\project-malvesdiniz\backend-java\SpringCloudPXL)
2025-12-04T15:01:24.307+0100 DEBUG              [main]                         be.pxl.services.ReviewServiceApplication - Running with Spring Boot v3.2.2, Spring v6.1.3
2025-12-04T15:01:24.308+0100 INFO               [main]                         be.pxl.services.ReviewServiceApplication - No active profile set, falling back to 1 default profile: "default"
2025-12-04T15:01:29.015+0100 INFO               [main]                         be.pxl.services.ReviewServiceApplication - Started ReviewServiceApplication in 5.924 seconds (process running for 6.629)
2025-12-04T15:01:35.421+0100 INFO               [main]                         be.pxl.services.PostServiceApplication - Starting PostServiceApplication using Java 17.0.9 with PID 35232 (C:\Users\maria\PXL\22 - Java Full Stack\prova\project-malvesdiniz\backend-java\SpringCloudPXL\post-service\target\classes started by maria in C:\Users\maria\PXL\22 - Java Full Stack\prova\project-malvesdiniz\backend-java\SpringCloudPXL)
2025-12-04T15:01:35.422+0100 DEBUG              [main]                         be.pxl.services.PostServiceApplication - Running with Spring Boot v3.2.2, Spring v6.1.3
2025-12-04T15:01:35.424+0100 INFO               [main]                         be.pxl.services.PostServiceApplication - No active profile set, falling back to 1 default profile: "default"
2025-12-04T15:01:40.199+0100 INFO               [main]                         be.pxl.services.PostServiceApplication - Started PostServiceApplication in 5.9 seconds (process running for 6.655)
2025-12-04T15:16:50.696+0100 INFO               [main]                         be.pxl.services.CommentServiceApplication - Starting CommentServiceApplication using Java 17.0.9 with PID 17164 (C:\Users\maria\PXL\22 - Java Full Stack\prova\project-malvesdiniz\backend-java\SpringCloudPXL\comment-service\target\classes started by maria in C:\Users\maria\PXL\22 - Java Full Stack\prova\project-malvesdiniz\backend-java\SpringCloudPXL)
2025-12-04T15:16:50.698+0100 DEBUG              [main]                         be.pxl.services.CommentServiceApplication - Running with Spring Boot v3.2.2, Spring v6.1.3
2025-12-04T15:16:50.698+0100 INFO               [main]                         be.pxl.services.CommentServiceApplication - No active profile set, falling back to 1 default profile: "default"
2025-12-04T15:16:55.900+0100 INFO               [main]                         be.pxl.services.CommentServiceApplication - Started CommentServiceApplication in 6.348 seconds (process running for 7.037)
2025-12-04T15:17:01.523+0100 INFO               [main]                         be.pxl.services.ReviewServiceApplication - Starting ReviewServiceApplication using Java 17.0.9 with PID 21608 (C:\Users\maria\PXL\22 - Java Full Stack\prova\project-malvesdiniz\backend-java\SpringCloudPXL\review-service\target\classes started by maria in C:\Users\maria\PXL\22 - Java Full Stack\prova\project-malvesdiniz\backend-java\SpringCloudPXL)
2025-12-04T15:17:01.525+0100 DEBUG              [main]                         be.pxl.services.ReviewServiceApplication - Running with Spring Boot v3.2.2, Spring v6.1.3
2025-12-04T15:17:01.526+0100 INFO               [main]                         be.pxl.services.ReviewServiceApplication - No active profile set, falling back to 1 default profile: "default"
2025-12-04T15:17:05.646+0100 INFO               [main]                         be.pxl.services.ReviewServiceApplication - Started ReviewServiceApplication in 5.228 seconds (process running for 6.062)
2025-12-04T15:17:14.711+0100 INFO               [main]                         be.pxl.services.ReviewServiceApplication - Starting ReviewServiceApplication using Java 17.0.9 with PID 32148 (C:\Users\maria\PXL\22 - Java Full Stack\prova\project-malvesdiniz\backend-java\SpringCloudPXL\review-service\target\classes started by maria in C:\Users\maria\PXL\22 - Java Full Stack\prova\project-malvesdiniz\backend-java\SpringCloudPXL)
2025-12-04T15:17:14.713+0100 DEBUG              [main]                         be.pxl.services.ReviewServiceApplication - Running with Spring Boot v3.2.2, Spring v6.1.3
2025-12-04T15:17:14.713+0100 INFO               [main]                         be.pxl.services.ReviewServiceApplication - No active profile set, falling back to 1 default profile: "default"
2025-12-04T15:17:18.696+0100 INFO               [main]                         be.pxl.services.ReviewServiceApplication - Started ReviewServiceApplication in 5.075 seconds (process running for 5.731)
2025-12-04T15:17:39.231+0100 INFO               [main]                         be.pxl.services.PostServiceApplication - Starting PostServiceApplication using Java 17.0.9 with PID 27624 (C:\Users\maria\PXL\22 - Java Full Stack\prova\project-malvesdiniz\backend-java\SpringCloudPXL\post-service\target\classes started by maria in C:\Users\maria\PXL\22 - Java Full Stack\prova\project-malvesdiniz\backend-java\SpringCloudPXL)
2025-12-04T15:17:39.232+0100 DEBUG              [main]                         be.pxl.services.PostServiceApplication - Running with Spring Boot v3.2.2, Spring v6.1.3
2025-12-04T15:17:39.233+0100 INFO               [main]                         be.pxl.services.PostServiceApplication - No active profile set, falling back to 1 default profile: "default"
2025-12-04T15:17:43.985+0100 INFO               [main]                         be.pxl.services.PostServiceApplication - Started PostServiceApplication in 5.858 seconds (process running for 6.561)
2025-12-04T15:33:28.670+0100 INFO               [main]                         be.pxl.services.ReviewServiceApplication - Starting ReviewServiceApplication using Java 17.0.9 with PID 18864 (C:\Users\maria\PXL\22 - Java Full Stack\prova\project-malvesdiniz\backend-java\SpringCloudPXL\review-service\target\classes started by maria in C:\Users\maria\PXL\22 - Java Full Stack\prova\project-malvesdiniz\backend-java\SpringCloudPXL)
2025-12-04T15:33:28.671+0100 DEBUG              [main]                         be.pxl.services.ReviewServiceApplication - Running with Spring Boot v3.2.2, Spring v6.1.3
2025-12-04T15:33:28.671+0100 INFO               [main]                         be.pxl.services.ReviewServiceApplication - No active profile set, falling back to 1 default profile: "default"
2025-12-04T15:33:33.691+0100 INFO               [main]                         be.pxl.services.ReviewServiceApplication - Started ReviewServiceApplication in 6.143 seconds (process running for 6.793)
2025-12-04T15:42:01.982+0100 INFO               [main]                         be.pxl.services.PostServiceApplication - Starting PostServiceApplication using Java 17.0.9 with PID 28956 (C:\Users\maria\PXL\22 - Java Full Stack\prova\project-malvesdiniz\backend-java\SpringCloudPXL\post-service\target\classes started by maria in C:\Users\maria\PXL\22 - Java Full Stack\prova\project-malvesdiniz\backend-java\SpringCloudPXL)
2025-12-04T15:42:01.983+0100 DEBUG              [main]                         be.pxl.services.PostServiceApplication - Running with Spring Boot v3.2.2, Spring v6.1.3
2025-12-04T15:42:01.984+0100 INFO               [main]                         be.pxl.services.PostServiceApplication - No active profile set, falling back to 1 default profile: "default"
2025-12-04T15:42:06.842+0100 INFO               [main]                         be.pxl.services.PostServiceApplication - Started PostServiceApplication in 5.994 seconds (process running for 6.667)
2025-12-04T15:42:15.910+0100 INFO               [main]                         be.pxl.services.ReviewServiceApplication - Starting ReviewServiceApplication using Java 17.0.9 with PID 10456 (C:\Users\maria\PXL\22 - Java Full Stack\prova\project-malvesdiniz\backend-java\SpringCloudPXL\review-service\target\classes started by maria in C:\Users\maria\PXL\22 - Java Full Stack\prova\project-malvesdiniz\backend-java\SpringCloudPXL)
2025-12-04T15:42:15.911+0100 DEBUG              [main]                         be.pxl.services.ReviewServiceApplication - Running with Spring Boot v3.2.2, Spring v6.1.3
2025-12-04T15:42:15.911+0100 INFO               [main]                         be.pxl.services.ReviewServiceApplication - No active profile set, falling back to 1 default profile: "default"
2025-12-04T15:42:20.812+0100 INFO               [main]                         be.pxl.services.ReviewServiceApplication - Started ReviewServiceApplication in 6.023 seconds (process running for 6.696)
2025-12-04T15:42:30.624+0100 INFO               [main]                         be.pxl.services.CommentServiceApplication - Starting CommentServiceApplication using Java 17.0.9 with PID 15312 (C:\Users\maria\PXL\22 - Java Full Stack\prova\project-malvesdiniz\backend-java\SpringCloudPXL\comment-service\target\classes started by maria in C:\Users\maria\PXL\22 - Java Full Stack\prova\project-malvesdiniz\backend-java\SpringCloudPXL)
2025-12-04T15:42:30.625+0100 DEBUG              [main]                         be.pxl.services.CommentServiceApplication - Running with Spring Boot v3.2.2, Spring v6.1.3
2025-12-04T15:42:30.626+0100 INFO               [main]                         be.pxl.services.CommentServiceApplication - No active profile set, falling back to 1 default profile: "default"
2025-12-04T15:42:35.619+0100 INFO               [main]                         be.pxl.services.CommentServiceApplication - Started CommentServiceApplication in 6.134 seconds (process running for 6.853)
2025-12-04T16:09:28.692+0100 INFO               [main]                         be.pxl.services.ReviewServiceApplication - Starting ReviewServiceApplication using Java 17.0.9 with PID 33352 (C:\Users\maria\PXL\22 - Java Full Stack\prova\project-malvesdiniz\backend-java\SpringCloudPXL\review-service\target\classes started by maria in C:\Users\maria\PXL\22 - Java Full Stack\prova\project-malvesdiniz\backend-java\SpringCloudPXL)
2025-12-04T16:09:28.693+0100 DEBUG              [main]                         be.pxl.services.ReviewServiceApplication - Running with Spring Boot v3.2.2, Spring v6.1.3
2025-12-04T16:09:28.694+0100 INFO               [main]                         be.pxl.services.ReviewServiceApplication - No active profile set, falling back to 1 default profile: "default"
2025-12-04T16:09:33.862+0100 INFO               [main]                         be.pxl.services.ReviewServiceApplication - Started ReviewServiceApplication in 6.446 seconds (process running for 7.235)
2025-12-04T16:31:28.336+0100 INFO               [main]                         be.pxl.services.PostServiceApplication - Starting PostServiceApplication using Java 17.0.9 with PID 23668 (C:\Users\maria\PXL\22 - Java Full Stack\prova\project-malvesdiniz\backend-java\SpringCloudPXL\post-service\target\classes started by maria in C:\Users\maria\PXL\22 - Java Full Stack\prova\project-malvesdiniz\backend-java\SpringCloudPXL)
2025-12-04T16:31:28.337+0100 DEBUG              [main]                         be.pxl.services.PostServiceApplication - Running with Spring Boot v3.2.2, Spring v6.1.3
2025-12-04T16:31:28.337+0100 INFO               [main]                         be.pxl.services.PostServiceApplication - No active profile set, falling back to 1 default profile: "default"
2025-12-04T16:31:33.530+0100 INFO               [main]                         be.pxl.services.PostServiceApplication - Started PostServiceApplication in 6.412 seconds (process running for 7.145)
2025-12-04T16:31:47.244+0100 INFO               [main]                         be.pxl.services.ReviewServiceApplication - Starting ReviewServiceApplication using Java 17.0.9 with PID 11848 (C:\Users\maria\PXL\22 - Java Full Stack\prova\project-malvesdiniz\backend-java\SpringCloudPXL\review-service\target\classes started by maria in C:\Users\maria\PXL\22 - Java Full Stack\prova\project-malvesdiniz\backend-java\SpringCloudPXL)
2025-12-04T16:31:47.245+0100 DEBUG              [main]                         be.pxl.services.ReviewServiceApplication - Running with Spring Boot v3.2.2, Spring v6.1.3
2025-12-04T16:31:47.246+0100 INFO               [main]                         be.pxl.services.ReviewServiceApplication - No active profile set, falling back to 1 default profile: "default"
2025-12-04T16:31:51.911+0100 INFO               [main]                         be.pxl.services.ReviewServiceApplication - Started ReviewServiceApplication in 5.753 seconds (process running for 6.525)
2025-12-04T16:34:04.804+0100 INFO               [http-nio-8091-exec-1]         be.pxl.services.service.PostService - EVENT RECEIVED: Post 94aa3d0f-46ae-4961-bea7-d467e2ecdaec status updated to APPROVED at 2025-12-04T16:34:04.804897300
2025-12-04T16:34:05.006+0100 INFO               [http-nio-8092-exec-3]         be.pxl.services.service.ReviewService - EVENT SENT: Post 94aa3d0f-46ae-4961-bea7-d467e2ecdaec APPROVED by reviewer maria at 2025-12-04T16:34:05.006575400
2025-12-04T16:37:19.541+0100 INFO               [http-nio-8091-exec-8]         be.pxl.services.service.PostService - EVENT RECEIVED: Post c170c9d1-8de3-414d-a7d6-2eb3a5abf1ad status updated to REJECTED at 2025-12-04T16:37:19.541320200 with comment 'Conteúdo inadequado'
2025-12-04T16:37:19.575+0100 INFO               [http-nio-8092-exec-9]         be.pxl.services.service.ReviewService - EVENT SENT: Post c170c9d1-8de3-414d-a7d6-2eb3a5abf1ad REJECTED by reviewer maria at 2025-12-04T16:37:19.575223 with comment 'Conteúdo inadequado'
2025-12-04T17:47:42.901+0100 INFO               [main]                         be.pxl.services.PostServiceApplication - Starting PostServiceApplication using Java 17.0.9 with PID 18448 (C:\Users\maria\PXL\22 - Java Full Stack\prova\project-malvesdiniz\backend-java\SpringCloudPXL\post-service\target\classes started by maria in C:\Users\maria\PXL\22 - Java Full Stack\prova\project-malvesdiniz\backend-java\SpringCloudPXL)
2025-12-04T17:47:42.903+0100 DEBUG              [main]                         be.pxl.services.PostServiceApplication - Running with Spring Boot v3.2.2, Spring v6.1.3
2025-12-04T17:47:42.903+0100 INFO               [main]                         be.pxl.services.PostServiceApplication - No active profile set, falling back to 1 default profile: "default"
2025-12-04T17:47:48.962+0100 INFO               [main]                         be.pxl.services.PostServiceApplication - Started PostServiceApplication in 7.214 seconds (process running for 8.043)
2025-12-04T17:47:59.306+0100 INFO               [main]                         be.pxl.services.ReviewServiceApplication - Starting ReviewServiceApplication using Java 17.0.9 with PID 34372 (C:\Users\maria\PXL\22 - Java Full Stack\prova\project-malvesdiniz\backend-java\SpringCloudPXL\review-service\target\classes started by maria in C:\Users\maria\PXL\22 - Java Full Stack\prova\project-malvesdiniz\backend-java\SpringCloudPXL)
2025-12-04T17:47:59.306+0100 DEBUG              [main]                         be.pxl.services.ReviewServiceApplication - Running with Spring Boot v3.2.2, Spring v6.1.3
2025-12-04T17:47:59.307+0100 INFO               [main]                         be.pxl.services.ReviewServiceApplication - No active profile set, falling back to 1 default profile: "default"
2025-12-04T17:48:04.510+0100 INFO               [main]                         be.pxl.services.ReviewServiceApplication - Started ReviewServiceApplication in 6.316 seconds (process running for 7.253)
2025-12-04T17:48:08.527+0100 INFO               [main]                         be.pxl.services.CommentServiceApplication - Starting CommentServiceApplication using Java 17.0.9 with PID 34896 (C:\Users\maria\PXL\22 - Java Full Stack\prova\project-malvesdiniz\backend-java\SpringCloudPXL\comment-service\target\classes started by maria in C:\Users\maria\PXL\22 - Java Full Stack\prova\project-malvesdiniz\backend-java\SpringCloudPXL)
2025-12-04T17:48:08.529+0100 DEBUG              [main]                         be.pxl.services.CommentServiceApplication - Running with Spring Boot v3.2.2, Spring v6.1.3
2025-12-04T17:48:08.530+0100 INFO               [main]                         be.pxl.services.CommentServiceApplication - No active profile set, falling back to 1 default profile: "default"
2025-12-04T17:48:13.349+0100 INFO               [main]                         be.pxl.services.CommentServiceApplication - Started CommentServiceApplication in 5.975 seconds (process running for 6.681)
2025-12-04T17:50:58.235+0100 INFO               [http-nio-8091-exec-4]         be.pxl.services.service.PostService - EVENT RECEIVED: Post eb8f7d15-3b9d-47c6-9f22-4c5e8e33c04d status updated to APPROVED at 2025-12-04T17:50:58.235018800
2025-12-04T17:50:58.329+0100 INFO               [http-nio-8092-exec-3]         be.pxl.services.service.ReviewService - EVENT SENT: Post eb8f7d15-3b9d-47c6-9f22-4c5e8e33c04d APPROVED by reviewer maria at 2025-12-04T17:50:58.329032200
2025-12-04T17:50:58.436+0100 INFO               [org.springframework.amqp.rabbit.RabbitListenerEndpointContainer#1-1] be.pxl.services.service.PostService - EVENT RECEIVED FROM RABBIT: Post eb8f7d15-3b9d-47c6-9f22-4c5e8e33c04d approved
